# JRE version: Java(TM) SE Runtime Environment (8.0_51-b16) (build 1.8.0_51-b16)
# Java VM: Java HotSpot(TM) 64-Bit Server VM (25.51-b03 mixed mode windows-amd64 compressed oops)
Heap:
 PSYoungGen      total 252928K, used 238592K [0x00000000eab00000, 0x00000000fc100000, 0x0000000100000000)
  eden space 238592K, 100% used [0x00000000eab00000,0x00000000f9400000,0x00000000f9400000)
  from space 14336K, 0% used [0x00000000fb000000,0x00000000fb000000,0x00000000fbe00000)
  to   space 23040K, 47% used [0x00000000f9400000,0x00000000f9ebc250,0x00000000faa80000)
 ParOldGen       total 125952K, used 73479K [0x00000000c0000000, 0x00000000c7b00000, 0x00000000eab00000)
  object space 125952K, 58% used [0x00000000c0000000,0x00000000c47c1fa8,0x00000000c7b00000)
 Metaspace       used 66417K, capacity 71202K, committed 71384K, reserved 1110016K
  class space    used 8700K, capacity 10205K, committed 10240K, reserved 1048576K
GC Heap History (10 events):
Event: 1179.719 GC heap after
Heap after GC invocations=27 (full 8):
 PSYoungGen      total 251392K, used 0K [0x00000000eab00000, 0x00000000fc680000, 0x0000000100000000)
  eden space 231936K, 0% used [0x00000000eab00000,0x00000000eab00000,0x00000000f8d80000)
  from space 19456K, 0% used [0x00000000f8d80000,0x00000000f8d80000,0x00000000fa080000)
  to   space 18944K, 0% used [0x00000000fb400000,0x00000000fb400000,0x00000000fc680000)
 ParOldGen       total 125952K, used 63244K [0x00000000c0000000, 0x00000000c7b00000, 0x00000000eab00000)
  object space 125952K, 50% used [0x00000000c0000000,0x00000000c3dc3290,0x00000000c7b00000)
 Metaspace       used 56516K, capacity 59898K, committed 60376K, reserved 1101824K
  class space    used 7466K, capacity 8540K, committed 8704K, reserved 1048576K
}
Event: 1201.135 GC heap before
{Heap before GC invocations=28 (full 8):
 PSYoungGen      total 251392K, used 231936K [0x00000000eab00000, 0x00000000fc680000, 0x0000000100000000)
  eden space 231936K, 100% used [0x00000000eab00000,0x00000000f8d80000,0x00000000f8d80000)
  from space 19456K, 0% used [0x00000000f8d80000,0x00000000f8d80000,0x00000000fa080000)
  to   space 18944K, 0% used [0x00000000fb400000,0x00000000fb400000,0x00000000fc680000)
 ParOldGen       total 125952K, used 63244K [0x00000000c0000000, 0x00000000c7b00000, 0x00000000eab00000)
  object space 125952K, 50% used [0x00000000c0000000,0x00000000c3dc3290,0x00000000c7b00000)
 Metaspace       used 59656K, capacity 63330K, committed 63576K, reserved 1103872K
  class space    used 7856K, capacity 9045K, committed 9088K, reserved 1048576K
Event: 1201.151 GC heap after
Heap after GC invocations=28 (full 8):
 PSYoungGen      total 263168K, used 15248K [0x00000000eab00000, 0x00000000fc300000, 0x0000000100000000)
  eden space 247808K, 0% used [0x00000000eab00000,0x00000000eab00000,0x00000000f9d00000)
  from space 15360K, 99% used [0x00000000fb400000,0x00000000fc2e42f0,0x00000000fc300000)
  to   space 19456K, 0% used [0x00000000f9d00000,0x00000000f9d00000,0x00000000fb000000)
 ParOldGen       total 125952K, used 63252K [0x00000000c0000000, 0x00000000c7b00000, 0x00000000eab00000)
  object space 125952K, 50% used [0x00000000c0000000,0x00000000c3dc5290,0x00000000c7b00000)
 Metaspace       used 59656K, capacity 63330K, committed 63576K, reserved 1103872K
  class space    used 7856K, capacity 9045K, committed 9088K, reserved 1048576K
}
Event: 1347.788 GC heap before
{Heap before GC invocations=29 (full 8):
 PSYoungGen      total 263168K, used 263056K [0x00000000eab00000, 0x00000000fc300000, 0x0000000100000000)
  eden space 247808K, 100% used [0x00000000eab00000,0x00000000f9d00000,0x00000000f9d00000)
  from space 15360K, 99% used [0x00000000fb400000,0x00000000fc2e42f0,0x00000000fc300000)
  to   space 19456K, 0% used [0x00000000f9d00000,0x00000000f9d00000,0x00000000fb000000)
 ParOldGen       total 125952K, used 63252K [0x00000000c0000000, 0x00000000c7b00000, 0x00000000eab00000)
  object space 125952K, 50% used [0x00000000c0000000,0x00000000c3dc5290,0x00000000c7b00000)
 Metaspace       used 63161K, capacity 67652K, committed 67800K, reserved 1107968K
  class space    used 8327K, capacity 9691K, committed 9728K, reserved 1048576K
Event: 1347.808 GC heap after
Heap after GC invocations=29 (full 8):
 PSYoungGen      total 258048K, used 19451K [0x00000000eab00000, 0x00000000fbe00000, 0x0000000100000000)
  eden space 238592K, 0% used [0x00000000eab00000,0x00000000eab00000,0x00000000f9400000)
  from space 19456K, 99% used [0x00000000f9d00000,0x00000000faffefb0,0x00000000fb000000)
  to   space 14336K, 0% used [0x00000000fb000000,0x00000000fb000000,0x00000000fbe00000)
 ParOldGen       total 125952K, used 64107K [0x00000000c0000000, 0x00000000c7b00000, 0x00000000eab00000)
  object space 125952K, 50% used [0x00000000c0000000,0x00000000c3e9ac48,0x00000000c7b00000)
 Metaspace       used 63161K, capacity 67652K, committed 67800K, reserved 1107968K
  class space    used 8327K, capacity 9691K, committed 9728K, reserved 1048576K
}
Event: 1412.526 GC heap before
{Heap before GC invocations=30 (full 8):
 PSYoungGen      total 258048K, used 211408K [0x00000000eab00000, 0x00000000fbe00000, 0x0000000100000000)
  eden space 238592K, 80% used [0x00000000eab00000,0x00000000f6675328,0x00000000f9400000)
  from space 19456K, 99% used [0x00000000f9d00000,0x00000000faffefb0,0x00000000fb000000)
  to   space 14336K, 0% used [0x00000000fb000000,0x00000000fb000000,0x00000000fbe00000)
 ParOldGen       total 125952K, used 64107K [0x00000000c0000000, 0x00000000c7b00000, 0x00000000eab00000)
  object space 125952K, 50% used [0x00000000c0000000,0x00000000c3e9ac48,0x00000000c7b00000)
 Metaspace       used 63307K, capacity 67924K, committed 68056K, reserved 1107968K
  class space    used 8344K, capacity 9717K, committed 9728K, reserved 1048576K
Event: 1412.551 GC heap after
Heap after GC invocations=30 (full 8):
 PSYoungGen      total 252928K, used 14320K [0x00000000eab00000, 0x00000000fc100000, 0x0000000100000000)
  eden space 238592K, 0% used [0x00000000eab00000,0x00000000eab00000,0x00000000f9400000)
  from space 14336K, 99% used [0x00000000fb000000,0x00000000fbdfc270,0x00000000fbe00000)
  to   space 23040K, 0% used [0x00000000f9400000,0x00000000f9400000,0x00000000faa80000)
 ParOldGen       total 125952K, used 69467K [0x00000000c0000000, 0x00000000c7b00000, 0x00000000eab00000)
  object space 125952K, 55% used [0x00000000c0000000,0x00000000c43d6c58,0x00000000c7b00000)
 Metaspace       used 63307K, capacity 67924K, committed 68056K, reserved 1107968K
  class space    used 8344K, capacity 9717K, committed 9728K, reserved 1048576K
}
Event: 1412.551 GC heap before
{Heap before GC invocations=31 (full 9):
 PSYoungGen      total 252928K, used 14320K [0x00000000eab00000, 0x00000000fc100000, 0x0000000100000000)
  eden space 238592K, 0% used [0x00000000eab00000,0x00000000eab00000,0x00000000f9400000)
  from space 14336K, 99% used [0x00000000fb000000,0x00000000fbdfc270,0x00000000fbe00000)
  to   space 23040K, 0% used [0x00000000f9400000,0x00000000f9400000,0x00000000faa80000)
 ParOldGen       total 125952K, used 69467K [0x00000000c0000000, 0x00000000c7b00000, 0x00000000eab00000)
  object space 125952K, 55% used [0x00000000c0000000,0x00000000c43d6c58,0x00000000c7b00000)
 Metaspace       used 63307K, capacity 67924K, committed 68056K, reserved 1107968K
  class space    used 8344K, capacity 9717K, committed 9728K, reserved 1048576K
Event: 1412.904 GC heap after
Heap after GC invocations=31 (full 9):
 PSYoungGen      total 252928K, used 0K [0x00000000eab00000, 0x00000000fc100000, 0x0000000100000000)
  eden space 238592K, 0% used [0x00000000eab00000,0x00000000eab00000,0x00000000f9400000)
  from space 14336K, 0% used [0x00000000fb000000,0x00000000fb000000,0x00000000fbe00000)
  to   space 23040K, 0% used [0x00000000f9400000,0x00000000f9400000,0x00000000faa80000)
 ParOldGen       total 125952K, used 73471K [0x00000000c0000000, 0x00000000c7b00000, 0x00000000eab00000)
  object space 125952K, 58% used [0x00000000c0000000,0x00000000c47bffa8,0x00000000c7b00000)
 Metaspace       used 63165K, capacity 67654K, committed 68056K, reserved 1107968K
  class space    used 8290K, capacity 9638K, committed 9728K, reserved 1048576K
}
Event: 1448.643 GC heap before
{Heap before GC invocations=32 (full 9):
 PSYoungGen      total 252928K, used 238592K [0x00000000eab00000, 0x00000000fc100000, 0x0000000100000000)
  eden space 238592K, 100% used [0x00000000eab00000,0x00000000f9400000,0x00000000f9400000)
  from space 14336K, 0% used [0x00000000fb000000,0x00000000fb000000,0x00000000fbe00000)
  to   space 23040K, 0% used [0x00000000f9400000,0x00000000f9400000,0x00000000faa80000)
 ParOldGen       total 125952K, used 73471K [0x00000000c0000000, 0x00000000c7b00000, 0x00000000eab00000)
  object space 125952K, 58% used [0x00000000c0000000,0x00000000c47bffa8,0x00000000c7b00000)
 Metaspace       used 66417K, capacity 71202K, committed 71384K, reserved 1110016K
  class space    used 8700K, capacity 10205K, committed 10240K, reserved 1048576K

